# JRE version: OpenJDK Runtime Environment (11.0.11+9) (build 11.0.11+9-b60-7590822)
# Java VM: OpenJDK 64-Bit Server VM (11.0.11+9-b60-7590822, mixed mode, tiered, compressed oops, g1 gc, windows-amd64)
Heap:
 garbage-first heap   total 315392K, used 65536K [0x0000000080000000, 0x0000000100000000)
  region size 1024K, 10 young (10240K), 10 survivors (10240K)
 Metaspace       used 80192K, capacity 82159K, committed 82252K, reserved 1120256K
  class space    used 10529K, capacity 11280K, committed 11340K, reserved 1048576K
GC Heap History (20 events):
Event: 0.386 GC heap after
{Heap after GC invocations=1 (full 0):
 garbage-first heap   total 262144K, used 8231K [0x0000000080000000, 0x0000000100000000)
  region size 1024K, 2 young (2048K), 2 survivors (2048K)
 Metaspace       used 6724K, capacity 6921K, committed 7168K, reserved 1056768K
  class space    used 582K, capacity 650K, committed 768K, reserved 1048576K
}
Event: 0.671 GC heap before
{Heap before GC invocations=1 (full 0):
 garbage-first heap   total 262144K, used 26663K [0x0000000080000000, 0x0000000100000000)
  region size 1024K, 20 young (20480K), 2 survivors (2048K)
 Metaspace       used 10720K, capacity 10940K, committed 11264K, reserved 1058816K
  class space    used 1129K, capacity 1207K, committed 1280K, reserved 1048576K
}
Event: 0.674 GC heap after
{Heap after GC invocations=2 (full 0):
 garbage-first heap   total 262144K, used 9298K [0x0000000080000000, 0x0000000100000000)
  region size 1024K, 2 young (2048K), 2 survivors (2048K)
 Metaspace       used 10720K, capacity 10940K, committed 11264K, reserved 1058816K
  class space    used 1129K, capacity 1207K, committed 1280K, reserved 1048576K
}
Event: 0.907 GC heap before
{Heap before GC invocations=2 (full 0):
 garbage-first heap   total 262144K, used 35922K [0x0000000080000000, 0x0000000100000000)
  region size 1024K, 28 young (28672K), 2 survivors (2048K)
 Metaspace       used 10884K, capacity 11069K, committed 11264K, reserved 1058816K
  class space    used 1130K, capacity 1207K, committed 1280K, reserved 1048576K
}
Event: 0.910 GC heap after
{Heap after GC invocations=3 (full 0):
 garbage-first heap   total 262144K, used 12684K [0x0000000080000000, 0x0000000100000000)
  region size 1024K, 4 young (4096K), 4 survivors (4096K)
 Metaspace       used 10884K, capacity 11069K, committed 11264K, reserved 1058816K
  class space    used 1130K, capacity 1207K, committed 1280K, reserved 1048576K
}
Event: 1.808 GC heap before
{Heap before GC invocations=3 (full 0):
 garbage-first heap   total 262144K, used 61836K [0x0000000080000000, 0x0000000100000000)
  region size 1024K, 52 young (53248K), 4 survivors (4096K)
 Metaspace       used 18883K, capacity 19286K, committed 19328K, reserved 1067008K
  class space    used 2282K, capacity 2416K, committed 2432K, reserved 1048576K
}
Event: 1.814 GC heap after
{Heap after GC invocations=4 (full 0):
 garbage-first heap   total 262144K, used 16184K [0x0000000080000000, 0x0000000100000000)
  region size 1024K, 7 young (7168K), 7 survivors (7168K)
 Metaspace       used 18883K, capacity 19286K, committed 19328K, reserved 1067008K
  class space    used 2282K, capacity 2416K, committed 2432K, reserved 1048576K
}
Event: 1.949 GC heap before
{Heap before GC invocations=4 (full 0):
 garbage-first heap   total 262144K, used 30520K [0x0000000080000000, 0x0000000100000000)
  region size 1024K, 22 young (22528K), 7 survivors (7168K)
 Metaspace       used 20683K, capacity 21075K, committed 21248K, reserved 1067008K
  class space    used 2537K, capacity 2693K, committed 2816K, reserved 1048576K
}
Event: 1.955 GC heap after
{Heap after GC invocations=5 (full 0):
 garbage-first heap   total 262144K, used 16905K [0x0000000080000000, 0x0000000100000000)
  region size 1024K, 5 young (5120K), 5 survivors (5120K)
 Metaspace       used 20683K, capacity 21075K, committed 21248K, reserved 1067008K
  class space    used 2537K, capacity 2693K, committed 2816K, reserved 1048576K
}
Event: 2.505 GC heap before
{Heap before GC invocations=6 (full 0):
 garbage-first heap   total 262144K, used 84489K [0x0000000080000000, 0x0000000100000000)
  region size 1024K, 71 young (72704K), 5 survivors (5120K)
 Metaspace       used 26892K, capacity 27467K, committed 27648K, reserved 1073152K
  class space    used 3543K, capacity 3769K, committed 3840K, reserved 1048576K
}
Event: 2.510 GC heap after
{Heap after GC invocations=7 (full 0):
 garbage-first heap   total 262144K, used 19146K [0x0000000080000000, 0x0000000100000000)
  region size 1024K, 7 young (7168K), 7 survivors (7168K)
 Metaspace       used 26892K, capacity 27467K, committed 27648K, reserved 1073152K
  class space    used 3543K, capacity 3769K, committed 3840K, reserved 1048576K
}
Event: 3.032 GC heap before
{Heap before GC invocations=7 (full 0):
 garbage-first heap   total 262144K, used 65226K [0x0000000080000000, 0x0000000100000000)
  region size 1024K, 53 young (54272K), 7 survivors (7168K)
 Metaspace       used 35025K, capacity 35786K, committed 35840K, reserved 1081344K
  class space    used 4554K, capacity 4863K, committed 4864K, reserved 1048576K
}
Event: 3.041 GC heap after
{Heap after GC invocations=8 (full 0):
 garbage-first heap   total 262144K, used 22376K [0x0000000080000000, 0x0000000100000000)
  region size 1024K, 10 young (10240K), 10 survivors (10240K)
 Metaspace       used 35025K, capacity 35786K, committed 35840K, reserved 1081344K
  class space    used 4554K, capacity 4863K, committed 4864K, reserved 1048576K
}
Event: 4.306 GC heap before
{Heap before GC invocations=9 (full 0):
 garbage-first heap   total 262144K, used 171880K [0x0000000080000000, 0x0000000100000000)
  region size 1024K, 153 young (156672K), 10 survivors (10240K)
 Metaspace       used 46745K, capacity 47929K, committed 48076K, reserved 1091584K
  class space    used 6016K, capacity 6468K, committed 6604K, reserved 1048576K
}
Event: 4.321 GC heap after
{Heap after GC invocations=10 (full 0):
 garbage-first heap   total 262144K, used 30512K [0x0000000080000000, 0x0000000100000000)
  region size 1024K, 18 young (18432K), 18 survivors (18432K)
 Metaspace       used 46745K, capacity 47929K, committed 48076K, reserved 1091584K
  class space    used 6016K, capacity 6468K, committed 6604K, reserved 1048576K
}
Event: 5.607 GC heap before
{Heap before GC invocations=10 (full 0):
 garbage-first heap   total 262144K, used 158512K [0x0000000080000000, 0x0000000100000000)
  region size 1024K, 140 young (143360K), 18 survivors (18432K)
 Metaspace       used 58579K, capacity 60027K, committed 60236K, reserved 1101824K
  class space    used 7451K, capacity 7984K, committed 8012K, reserved 1048576K
}
Event: 5.637 GC heap after
{Heap after GC invocations=11 (full 0):
 garbage-first heap   total 262144K, used 45399K [0x0000000080000000, 0x0000000100000000)
  region size 1024K, 18 young (18432K), 18 survivors (18432K)
 Metaspace       used 58579K, capacity 60027K, committed 60236K, reserved 1101824K
  class space    used 7451K, capacity 7984K, committed 8012K, reserved 1048576K
}
Event: 6.828 GC heap before
{Heap before GC invocations=12 (full 0):
 garbage-first heap   total 262144K, used 183639K [0x0000000080000000, 0x0000000100000000)
  region size 1024K, 153 young (156672K), 18 survivors (18432K)
 Metaspace       used 68788K, capacity 70359K, committed 70476K, reserved 1110016K
  class space    used 8923K, capacity 9514K, committed 9548K, reserved 1048576K
}
Event: 6.847 GC heap after
{Heap after GC invocations=13 (full 0):
 garbage-first heap   total 262144K, used 55691K [0x0000000080000000, 0x0000000100000000)
  region size 1024K, 11 young (11264K), 11 survivors (11264K)
 Metaspace       used 68788K, capacity 70359K, committed 70476K, reserved 1110016K
  class space    used 8923K, capacity 9514K, committed 9548K, reserved 1048576K
}
Event: 8.447 GC heap before
{Heap before GC invocations=13 (full 0):
 garbage-first heap   total 262144K, used 197003K [0x0000000080000000, 0x0000000100000000)
  region size 1024K, 150 young (153600K), 11 survivors (11264K)
 Metaspace       used 80192K, capacity 82159K, committed 82252K, reserved 1120256K
  class space    used 10529K, capacity 11280K, committed 11340K, reserved 1048576K
}

