# JRE version: OpenJDK Runtime Environment (11.0.11+9) (build 11.0.11+9-b60-7590822)
# Java VM: OpenJDK 64-Bit Server VM (11.0.11+9-b60-7590822, mixed mode, tiered, compressed oops, g1 gc, windows-amd64)
Heap:
 garbage-first heap   total 262144K, used 96375K [0x0000000080000000, 0x0000000100000000)
  region size 1024K, 70 young (71680K), 19 survivors (19456K)
 Metaspace       used 63630K, capacity 65181K, committed 65280K, reserved 1105920K
  class space    used 8083K, capacity 8649K, committed 8704K, reserved 1048576K
GC Heap History (14 events):
Event: 4.347 GC heap before
{Heap before GC invocations=0 (full 0):
 garbage-first heap   total 262144K, used 19456K [0x0000000080000000, 0x0000000100000000)
  region size 1024K, 14 young (14336K), 0 survivors (0K)
 Metaspace       used 6731K, capacity 6921K, committed 7168K, reserved 1056768K
  class space    used 582K, capacity 650K, committed 768K, reserved 1048576K
}
Event: 4.353 GC heap after
{Heap after GC invocations=1 (full 0):
 garbage-first heap   total 262144K, used 8031K [0x0000000080000000, 0x0000000100000000)
  region size 1024K, 2 young (2048K), 2 survivors (2048K)
 Metaspace       used 6731K, capacity 6921K, committed 7168K, reserved 1056768K
  class space    used 582K, capacity 650K, committed 768K, reserved 1048576K
}
Event: 5.300 GC heap before
{Heap before GC invocations=1 (full 0):
 garbage-first heap   total 262144K, used 19295K [0x0000000080000000, 0x0000000100000000)
  region size 1024K, 13 young (13312K), 2 survivors (2048K)
 Metaspace       used 9854K, capacity 10050K, committed 10112K, reserved 1058816K
  class space    used 1028K, capacity 1102K, committed 1152K, reserved 1048576K
}
Event: 5.305 GC heap after
{Heap after GC invocations=2 (full 0):
 garbage-first heap   total 262144K, used 9256K [0x0000000080000000, 0x0000000100000000)
  region size 1024K, 2 young (2048K), 2 survivors (2048K)
 Metaspace       used 9854K, capacity 10050K, committed 10112K, reserved 1058816K
  class space    used 1028K, capacity 1102K, committed 1152K, reserved 1048576K
}
Event: 10.427 GC heap before
{Heap before GC invocations=2 (full 0):
 garbage-first heap   total 262144K, used 39976K [0x0000000080000000, 0x0000000100000000)
  region size 1024K, 32 young (32768K), 2 survivors (2048K)
 Metaspace       used 10830K, capacity 11005K, committed 11264K, reserved 1058816K
  class space    used 1131K, capacity 1207K, committed 1280K, reserved 1048576K
}
Event: 10.429 GC heap after
{Heap after GC invocations=3 (full 0):
 garbage-first heap   total 262144K, used 11210K [0x0000000080000000, 0x0000000100000000)
  region size 1024K, 4 young (4096K), 4 survivors (4096K)
 Metaspace       used 10830K, capacity 11005K, committed 11264K, reserved 1058816K
  class space    used 1131K, capacity 1207K, committed 1280K, reserved 1048576K
}
Event: 15.010 GC heap before
{Heap before GC invocations=3 (full 0):
 garbage-first heap   total 262144K, used 78794K [0x0000000080000000, 0x0000000100000000)
  region size 1024K, 71 young (72704K), 4 survivors (4096K)
 Metaspace       used 20704K, capacity 21075K, committed 21248K, reserved 1067008K
  class space    used 2540K, capacity 2693K, committed 2816K, reserved 1048576K
}
Event: 15.018 GC heap after
{Heap after GC invocations=4 (full 0):
 garbage-first heap   total 262144K, used 17072K [0x0000000080000000, 0x0000000100000000)
  region size 1024K, 9 young (9216K), 9 survivors (9216K)
 Metaspace       used 20704K, capacity 21075K, committed 21248K, reserved 1067008K
  class space    used 2540K, capacity 2693K, committed 2816K, reserved 1048576K
}
Event: 18.015 GC heap before
{Heap before GC invocations=5 (full 0):
 garbage-first heap   total 262144K, used 129712K [0x0000000080000000, 0x0000000100000000)
  region size 1024K, 120 young (122880K), 9 survivors (9216K)
 Metaspace       used 34991K, capacity 35786K, committed 35840K, reserved 1081344K
  class space    used 4541K, capacity 4863K, committed 4864K, reserved 1048576K
}
Event: 18.028 GC heap after
{Heap after GC invocations=6 (full 0):
 garbage-first heap   total 262144K, used 22584K [0x0000000080000000, 0x0000000100000000)
  region size 1024K, 15 young (15360K), 15 survivors (15360K)
 Metaspace       used 34991K, capacity 35786K, committed 35840K, reserved 1081344K
  class space    used 4541K, capacity 4863K, committed 4864K, reserved 1048576K
}
Event: 20.172 GC heap before
{Heap before GC invocations=7 (full 0):
 garbage-first heap   total 262144K, used 151608K [0x0000000080000000, 0x0000000100000000)
  region size 1024K, 138 young (141312K), 15 survivors (15360K)
 Metaspace       used 45373K, capacity 46492K, committed 46720K, reserved 1089536K
  class space    used 5820K, capacity 6242K, committed 6272K, reserved 1048576K
}
Event: 20.187 GC heap after
{Heap after GC invocations=8 (full 0):
 garbage-first heap   total 262144K, used 29289K [0x0000000080000000, 0x0000000100000000)
  region size 1024K, 13 young (13312K), 13 survivors (13312K)
 Metaspace       used 45373K, capacity 46492K, committed 46720K, reserved 1089536K
  class space    used 5820K, capacity 6242K, committed 6272K, reserved 1048576K
}
Event: 28.069 GC heap before
{Heap before GC invocations=8 (full 0):
 garbage-first heap   total 262144K, used 175721K [0x0000000080000000, 0x0000000100000000)
  region size 1024K, 153 young (156672K), 13 survivors (13312K)
 Metaspace       used 58636K, capacity 60064K, committed 60160K, reserved 1101824K
  class space    used 7459K, capacity 8016K, committed 8064K, reserved 1048576K
}
Event: 28.096 GC heap after
{Heap after GC invocations=9 (full 0):
 garbage-first heap   total 262144K, used 46199K [0x0000000080000000, 0x0000000100000000)
  region size 1024K, 19 young (19456K), 19 survivors (19456K)
 Metaspace       used 58636K, capacity 60064K, committed 60160K, reserved 1101824K
  class space    used 7459K, capacity 8016K, committed 8064K, reserved 1048576K
}

