# JRE version: OpenJDK Runtime Environment (11.0.11+9) (build 11.0.11+9-b60-7590822)
# Java VM: OpenJDK 64-Bit Server VM (11.0.11+9-b60-7590822, mixed mode, tiered, compressed oops, g1 gc, windows-amd64)
Heap:
 garbage-first heap   total 262144K, used 81113K [0x0000000080000000, 0x0000000100000000)
  region size 1024K, 16 young (16384K), 13 survivors (13312K)
 Metaspace       used 83841K, capacity 85992K, committed 86220K, reserved 1124352K
  class space    used 10790K, capacity 11621K, committed 11724K, reserved 1048576K
GC Heap History (20 events):
Event: 2.204 GC heap before
{Heap before GC invocations=3 (full 0):
 garbage-first heap   total 262144K, used 44416K [0x0000000080000000, 0x0000000100000000)
  region size 1024K, 38 young (38912K), 11 survivors (11264K)
 Metaspace       used 23406K, capacity 23928K, committed 24192K, reserved 1071104K
  class space    used 2978K, capacity 3179K, committed 3200K, reserved 1048576K
}
Event: 2.210 GC heap after
{Heap after GC invocations=4 (full 0):
 garbage-first heap   total 262144K, used 18038K [0x0000000080000000, 0x0000000100000000)
  region size 1024K, 2 young (2048K), 2 survivors (2048K)
 Metaspace       used 23406K, capacity 23928K, committed 24192K, reserved 1071104K
  class space    used 2978K, capacity 3179K, committed 3200K, reserved 1048576K
}
Event: 2.792 GC heap before
{Heap before GC invocations=4 (full 0):
 garbage-first heap   total 262144K, used 84598K [0x0000000080000000, 0x0000000100000000)
  region size 1024K, 67 young (68608K), 2 survivors (2048K)
 Metaspace       used 29720K, capacity 30297K, committed 30336K, reserved 1075200K
  class space    used 3977K, capacity 4203K, committed 4224K, reserved 1048576K
}
Event: 2.796 GC heap after
{Heap after GC invocations=5 (full 0):
 garbage-first heap   total 262144K, used 19892K [0x0000000080000000, 0x0000000100000000)
  region size 1024K, 4 young (4096K), 4 survivors (4096K)
 Metaspace       used 29720K, capacity 30297K, committed 30336K, reserved 1075200K
  class space    used 3977K, capacity 4203K, committed 4224K, reserved 1048576K
}
Event: 3.111 GC heap before
{Heap before GC invocations=5 (full 0):
 garbage-first heap   total 262144K, used 38324K [0x0000000080000000, 0x0000000100000000)
  region size 1024K, 23 young (23552K), 4 survivors (4096K)
 Metaspace       used 34996K, capacity 35786K, committed 35840K, reserved 1081344K
  class space    used 4536K, capacity 4863K, committed 4864K, reserved 1048576K
}
Event: 3.117 GC heap after
{Heap after GC invocations=6 (full 0):
 garbage-first heap   total 262144K, used 22360K [0x0000000080000000, 0x0000000100000000)
  region size 1024K, 6 young (6144K), 6 survivors (6144K)
 Metaspace       used 34996K, capacity 35786K, committed 35840K, reserved 1081344K
  class space    used 4536K, capacity 4863K, committed 4864K, reserved 1048576K
}
Event: 4.156 GC heap before
{Heap before GC invocations=7 (full 0):
 garbage-first heap   total 262144K, used 145240K [0x0000000080000000, 0x0000000100000000)
  region size 1024K, 123 young (125952K), 6 survivors (6144K)
 Metaspace       used 44840K, capacity 45793K, committed 46156K, reserved 1089536K
  class space    used 5744K, capacity 6095K, committed 6220K, reserved 1048576K
}
Event: 4.167 GC heap after
{Heap after GC invocations=8 (full 0):
 garbage-first heap   total 262144K, used 29296K [0x0000000080000000, 0x0000000100000000)
  region size 1024K, 13 young (13312K), 13 survivors (13312K)
 Metaspace       used 44840K, capacity 45793K, committed 46156K, reserved 1089536K
  class space    used 5744K, capacity 6095K, committed 6220K, reserved 1048576K
}
Event: 5.521 GC heap before
{Heap before GC invocations=8 (full 0):
 garbage-first heap   total 262144K, used 166512K [0x0000000080000000, 0x0000000100000000)
  region size 1024K, 143 young (146432K), 13 survivors (13312K)
 Metaspace       used 56183K, capacity 57500K, committed 57548K, reserved 1099776K
  class space    used 7112K, capacity 7615K, committed 7628K, reserved 1048576K
}
Event: 5.541 GC heap after
{Heap after GC invocations=9 (full 0):
 garbage-first heap   total 262144K, used 44000K [0x0000000080000000, 0x0000000100000000)
  region size 1024K, 18 young (18432K), 18 survivors (18432K)
 Metaspace       used 56183K, capacity 57500K, committed 57548K, reserved 1099776K
  class space    used 7112K, capacity 7615K, committed 7628K, reserved 1048576K
}
Event: 5.773 GC heap before
{Heap before GC invocations=9 (full 0):
 garbage-first heap   total 262144K, used 61408K [0x0000000080000000, 0x0000000100000000)
  region size 1024K, 36 young (36864K), 18 survivors (18432K)
 Metaspace       used 58651K, capacity 60073K, committed 60236K, reserved 1101824K
  class space    used 7460K, capacity 7979K, committed 8012K, reserved 1048576K
}
Event: 5.790 GC heap after
{Heap after GC invocations=10 (full 0):
 garbage-first heap   total 262144K, used 46232K [0x0000000080000000, 0x0000000100000000)
  region size 1024K, 12 young (12288K), 12 survivors (12288K)
 Metaspace       used 58651K, capacity 60073K, committed 60236K, reserved 1101824K
  class space    used 7460K, capacity 7979K, committed 8012K, reserved 1048576K
}
Event: 6.557 GC heap before
{Heap before GC invocations=11 (full 0):
 garbage-first heap   total 262144K, used 141464K [0x0000000080000000, 0x0000000100000000)
  region size 1024K, 105 young (107520K), 12 survivors (12288K)
 Metaspace       used 64587K, capacity 66155K, committed 66252K, reserved 1105920K
  class space    used 8210K, capacity 8819K, committed 8908K, reserved 1048576K
}
Event: 6.570 GC heap after
{Heap after GC invocations=12 (full 0):
 garbage-first heap   total 262144K, used 53407K [0x0000000080000000, 0x0000000100000000)
  region size 1024K, 9 young (9216K), 9 survivors (9216K)
 Metaspace       used 64587K, capacity 66155K, committed 66252K, reserved 1105920K
  class space    used 8210K, capacity 8819K, committed 8908K, reserved 1048576K
}
Event: 7.615 GC heap before
{Heap before GC invocations=12 (full 0):
 garbage-first heap   total 262144K, used 153759K [0x0000000080000000, 0x0000000100000000)
  region size 1024K, 107 young (109568K), 9 survivors (9216K)
 Metaspace       used 74019K, capacity 75689K, committed 75980K, reserved 1114112K
  class space    used 9698K, capacity 10330K, committed 10444K, reserved 1048576K
}
Event: 7.628 GC heap after
{Heap after GC invocations=13 (full 0):
 garbage-first heap   total 262144K, used 59837K [0x0000000080000000, 0x0000000100000000)
  region size 1024K, 7 young (7168K), 7 survivors (7168K)
 Metaspace       used 74019K, capacity 75689K, committed 75980K, reserved 1114112K
  class space    used 9698K, capacity 10330K, committed 10444K, reserved 1048576K
}
Event: 8.939 GC heap before
{Heap before GC invocations=13 (full 0):
 garbage-first heap   total 262144K, used 164285K [0x0000000080000000, 0x0000000100000000)
  region size 1024K, 110 young (112640K), 7 survivors (7168K)
 Metaspace       used 80397K, capacity 82417K, committed 82636K, reserved 1120256K
  class space    used 10529K, capacity 11339K, committed 11468K, reserved 1048576K
}
Event: 8.952 GC heap after
{Heap after GC invocations=14 (full 0):
 garbage-first heap   total 262144K, used 66892K [0x0000000080000000, 0x0000000100000000)
  region size 1024K, 14 young (14336K), 14 survivors (14336K)
 Metaspace       used 80397K, capacity 82417K, committed 82636K, reserved 1120256K
  class space    used 10529K, capacity 11339K, committed 11468K, reserved 1048576K
}
Event: 11.454 GC heap before
{Heap before GC invocations=14 (full 0):
 garbage-first heap   total 262144K, used 173388K [0x0000000080000000, 0x0000000100000000)
  region size 1024K, 119 young (121856K), 14 survivors (14336K)
 Metaspace       used 82209K, capacity 84237K, committed 84556K, reserved 1122304K
  class space    used 10716K, capacity 11520K, committed 11596K, reserved 1048576K
}
Event: 11.471 GC heap after
{Heap after GC invocations=15 (full 0):
 garbage-first heap   total 262144K, used 73600K [0x0000000080000000, 0x0000000100000000)
  region size 1024K, 14 young (14336K), 14 survivors (14336K)
 Metaspace       used 82209K, capacity 84237K, committed 84556K, reserved 1122304K
  class space    used 10716K, capacity 11520K, committed 11596K, reserved 1048576K
}

