# JRE version: Java(TM) SE Runtime Environment (17.0.2+8) (build 17.0.2+8-LTS-86)
# Java VM: Java HotSpot(TM) 64-Bit Server VM (17.0.2+8-LTS-86, mixed mode, sharing, tiered, compressed oops, compressed class ptrs, g1 gc, windows-amd64)
GC Precious Log:
 CPUs: 4 total, 4 available
 Memory: 16324M
 Large Page Support: Disabled
 NUMA Support: Disabled
 Compressed Oops: Enabled (32-bit)
 Heap Region Size: 1M
 Heap Min Capacity: 8M
 Heap Initial Capacity: 256M
 Heap Max Capacity: 2G
 Pre-touch: Disabled
 Parallel Workers: 4
 Concurrent Workers: 1
 Concurrent Refinement Workers: 4
 Periodic GC: Disabled
Heap:
 garbage-first heap   total 393216K, used 121935K [0x0000000080000000, 0x0000000100000000)
  region size 1024K, 2 young (2048K), 2 survivors (2048K)
 Metaspace       used 108058K, committed 109120K, reserved 1146880K
  class space    used 14323K, committed 14912K, reserved 1048576K
GC Heap History (20 events):
Event: 5170.082 GC heap after
{Heap after GC invocations=55 (full 0):
 garbage-first heap   total 393216K, used 138789K [0x0000000080000000, 0x0000000100000000)
  region size 1024K, 10 young (10240K), 10 survivors (10240K)
 Metaspace       used 105470K, committed 106304K, reserved 1146880K
  class space    used 14282K, committed 14720K, reserved 1048576K
}
Event: 5173.366 GC heap before
{Heap before GC invocations=55 (full 0):
 garbage-first heap   total 393216K, used 312869K [0x0000000080000000, 0x0000000100000000)
  region size 1024K, 176 young (180224K), 10 survivors (10240K)
 Metaspace       used 108703K, committed 109568K, reserved 1146880K
  class space    used 14458K, committed 14912K, reserved 1048576K
}
Event: 5173.382 GC heap after
{Heap after GC invocations=56 (full 0):
 garbage-first heap   total 393216K, used 148212K [0x0000000080000000, 0x0000000100000000)
  region size 1024K, 17 young (17408K), 17 survivors (17408K)
 Metaspace       used 108703K, committed 109568K, reserved 1146880K
  class space    used 14458K, committed 14912K, reserved 1048576K
}
Event: 5173.953 GC heap before
{Heap before GC invocations=56 (full 0):
 garbage-first heap   total 393216K, used 313076K [0x0000000080000000, 0x0000000100000000)
  region size 1024K, 178 young (182272K), 17 survivors (17408K)
 Metaspace       used 108878K, committed 109760K, reserved 1146880K
  class space    used 14458K, committed 14912K, reserved 1048576K
}
Event: 5173.977 GC heap after
{Heap after GC invocations=57 (full 0):
 garbage-first heap   total 393216K, used 147724K [0x0000000080000000, 0x0000000100000000)
  region size 1024K, 11 young (11264K), 11 survivors (11264K)
 Metaspace       used 108878K, committed 109760K, reserved 1146880K
  class space    used 14458K, committed 14912K, reserved 1048576K
}
Event: 5174.525 GC heap before
{Heap before GC invocations=57 (full 0):
 garbage-first heap   total 393216K, used 269580K [0x0000000080000000, 0x0000000100000000)
  region size 1024K, 94 young (96256K), 11 survivors (11264K)
 Metaspace       used 109222K, committed 110080K, reserved 1146880K
  class space    used 14470K, committed 14912K, reserved 1048576K
}
Event: 5174.532 GC heap after
{Heap after GC invocations=58 (full 0):
 garbage-first heap   total 393216K, used 153868K [0x0000000080000000, 0x0000000100000000)
  region size 1024K, 9 young (9216K), 9 survivors (9216K)
 Metaspace       used 109222K, committed 110080K, reserved 1146880K
  class space    used 14470K, committed 14912K, reserved 1048576K
}
Event: 5463.490 GC heap before
{Heap before GC invocations=58 (full 0):
 garbage-first heap   total 393216K, used 336140K [0x0000000080000000, 0x0000000100000000)
  region size 1024K, 176 young (180224K), 9 survivors (9216K)
 Metaspace       used 112134K, committed 113024K, reserved 1146880K
  class space    used 14657K, committed 15104K, reserved 1048576K
}
Event: 5463.509 GC heap after
{Heap after GC invocations=59 (full 0):
 garbage-first heap   total 393216K, used 157805K [0x0000000080000000, 0x0000000100000000)
  region size 1024K, 19 young (19456K), 19 survivors (19456K)
 Metaspace       used 112134K, committed 113024K, reserved 1146880K
  class space    used 14657K, committed 15104K, reserved 1048576K
}
Event: 5463.871 GC heap before
{Heap before GC invocations=59 (full 0):
 garbage-first heap   total 393216K, used 221293K [0x0000000080000000, 0x0000000100000000)
  region size 1024K, 51 young (52224K), 19 survivors (19456K)
 Metaspace       used 112258K, committed 113216K, reserved 1146880K
  class space    used 14670K, committed 15168K, reserved 1048576K
}
Event: 5463.885 GC heap after
{Heap after GC invocations=60 (full 0):
 garbage-first heap   total 393216K, used 156820K [0x0000000080000000, 0x0000000100000000)
  region size 1024K, 3 young (3072K), 3 survivors (3072K)
 Metaspace       used 112258K, committed 113216K, reserved 1146880K
  class space    used 14670K, committed 15168K, reserved 1048576K
}
Event: 5463.886 GC heap before
{Heap before GC invocations=60 (full 0):
 garbage-first heap   total 393216K, used 158868K [0x0000000080000000, 0x0000000100000000)
  region size 1024K, 3 young (3072K), 3 survivors (3072K)
 Metaspace       used 112258K, committed 113216K, reserved 1146880K
  class space    used 14670K, committed 15168K, reserved 1048576K
}
Event: 5463.889 GC heap after
{Heap after GC invocations=61 (full 0):
 garbage-first heap   total 393216K, used 158289K [0x0000000080000000, 0x0000000100000000)
  region size 1024K, 2 young (2048K), 2 survivors (2048K)
 Metaspace       used 112258K, committed 113216K, reserved 1146880K
  class space    used 14670K, committed 15168K, reserved 1048576K
}
Event: 5463.894 GC heap before
{Heap before GC invocations=61 (full 0):
 garbage-first heap   total 393216K, used 160337K [0x0000000080000000, 0x0000000100000000)
  region size 1024K, 3 young (3072K), 2 survivors (2048K)
 Metaspace       used 112258K, committed 113216K, reserved 1146880K
  class space    used 14670K, committed 15168K, reserved 1048576K
}
Event: 5463.896 GC heap after
{Heap after GC invocations=62 (full 0):
 garbage-first heap   total 393216K, used 156047K [0x0000000080000000, 0x0000000100000000)
  region size 1024K, 2 young (2048K), 2 survivors (2048K)
 Metaspace       used 112258K, committed 113216K, reserved 1146880K
  class space    used 14670K, committed 15168K, reserved 1048576K
}
Event: 5825.696 GC heap before
{Heap before GC invocations=63 (full 0):
 garbage-first heap   total 393216K, used 334223K [0x0000000080000000, 0x0000000100000000)
  region size 1024K, 166 young (169984K), 2 survivors (2048K)
 Metaspace       used 108034K, committed 109056K, reserved 1146880K
  class space    used 14321K, committed 14912K, reserved 1048576K
}
Event: 5825.708 GC heap after
{Heap after GC invocations=64 (full 0):
 garbage-first heap   total 393216K, used 161578K [0x0000000080000000, 0x0000000100000000)
  region size 1024K, 13 young (13312K), 13 survivors (13312K)
 Metaspace       used 108034K, committed 109056K, reserved 1146880K
  class space    used 14321K, committed 14912K, reserved 1048576K
}
Event: 5825.751 GC heap before
{Heap before GC invocations=64 (full 0):
 garbage-first heap   total 393216K, used 167722K [0x0000000080000000, 0x0000000100000000)
  region size 1024K, 19 young (19456K), 13 survivors (13312K)
 Metaspace       used 108044K, committed 109120K, reserved 1146880K
  class space    used 14321K, committed 14912K, reserved 1048576K
}
Event: 5825.774 GC heap after
{Heap after GC invocations=65 (full 0):
 garbage-first heap   total 393216K, used 122033K [0x0000000080000000, 0x0000000100000000)
  region size 1024K, 2 young (2048K), 2 survivors (2048K)
 Metaspace       used 108044K, committed 109120K, reserved 1146880K
  class space    used 14321K, committed 14912K, reserved 1048576K
}
Event: 5825.936 GC heap before
{Heap before GC invocations=65 (full 0):
 garbage-first heap   total 393216K, used 138417K [0x0000000080000000, 0x0000000100000000)
  region size 1024K, 19 young (19456K), 2 survivors (2048K)
 Metaspace       used 108058K, committed 109120K, reserved 1146880K
  class space    used 14323K, committed 14912K, reserved 1048576K
}

