# JRE version: OpenJDK Runtime Environment (11.0.11+9) (build 11.0.11+9-b60-7590822)
# Java VM: OpenJDK 64-Bit Server VM (11.0.11+9-b60-7590822, mixed mode, tiered, compressed oops, g1 gc, windows-amd64)
Heap:
 garbage-first heap   total 315392K, used 67584K [0x0000000080000000, 0x0000000100000000)
  region size 1024K, 14 young (14336K), 14 survivors (14336K)
 Metaspace       used 80614K, capacity 82659K, committed 82764K, reserved 1120256K
  class space    used 10560K, capacity 11329K, committed 11416K, reserved 1048576K
GC Heap History (20 events):
Event: 0.677 GC heap after
{Heap after GC invocations=2 (full 0):
 garbage-first heap   total 262144K, used 9444K [0x0000000080000000, 0x0000000100000000)
  region size 1024K, 2 young (2048K), 2 survivors (2048K)
 Metaspace       used 10611K, capacity 10841K, committed 11008K, reserved 1058816K
  class space    used 1116K, capacity 1174K, committed 1280K, reserved 1048576K
}
Event: 0.900 GC heap before
{Heap before GC invocations=2 (full 0):
 garbage-first heap   total 262144K, used 34020K [0x0000000080000000, 0x0000000100000000)
  region size 1024K, 26 young (26624K), 2 survivors (2048K)
 Metaspace       used 10841K, capacity 11069K, committed 11264K, reserved 1058816K
  class space    used 1131K, capacity 1207K, committed 1280K, reserved 1048576K
}
Event: 0.903 GC heap after
{Heap after GC invocations=3 (full 0):
 garbage-first heap   total 262144K, used 10784K [0x0000000080000000, 0x0000000100000000)
  region size 1024K, 3 young (3072K), 3 survivors (3072K)
 Metaspace       used 10841K, capacity 11069K, committed 11264K, reserved 1058816K
  class space    used 1131K, capacity 1207K, committed 1280K, reserved 1048576K
}
Event: 1.849 GC heap before
{Heap before GC invocations=3 (full 0):
 garbage-first heap   total 262144K, used 60960K [0x0000000080000000, 0x0000000100000000)
  region size 1024K, 52 young (53248K), 3 survivors (3072K)
 Metaspace       used 18731K, capacity 19125K, committed 19328K, reserved 1067008K
  class space    used 2250K, capacity 2384K, committed 2432K, reserved 1048576K
}
Event: 1.854 GC heap after
{Heap after GC invocations=4 (full 0):
 garbage-first heap   total 262144K, used 16421K [0x0000000080000000, 0x0000000100000000)
  region size 1024K, 7 young (7168K), 7 survivors (7168K)
 Metaspace       used 18731K, capacity 19125K, committed 19328K, reserved 1067008K
  class space    used 2250K, capacity 2384K, committed 2432K, reserved 1048576K
}
Event: 2.010 GC heap before
{Heap before GC invocations=4 (full 0):
 garbage-first heap   total 262144K, used 34853K [0x0000000080000000, 0x0000000100000000)
  region size 1024K, 26 young (26624K), 7 survivors (7168K)
 Metaspace       used 20694K, capacity 21075K, committed 21248K, reserved 1067008K
  class space    used 2537K, capacity 2693K, committed 2816K, reserved 1048576K
}
Event: 2.017 GC heap after
{Heap after GC invocations=5 (full 0):
 garbage-first heap   total 262144K, used 17254K [0x0000000080000000, 0x0000000100000000)
  region size 1024K, 6 young (6144K), 6 survivors (6144K)
 Metaspace       used 20694K, capacity 21075K, committed 21248K, reserved 1067008K
  class space    used 2537K, capacity 2693K, committed 2816K, reserved 1048576K
}
Event: 2.466 GC heap before
{Heap before GC invocations=6 (full 0):
 garbage-first heap   total 262144K, used 70502K [0x0000000080000000, 0x0000000100000000)
  region size 1024K, 58 young (59392K), 6 survivors (6144K)
 Metaspace       used 26060K, capacity 26630K, committed 26752K, reserved 1073152K
  class space    used 3404K, capacity 3615K, committed 3712K, reserved 1048576K
}
Event: 2.471 GC heap after
{Heap after GC invocations=7 (full 0):
 garbage-first heap   total 262144K, used 19475K [0x0000000080000000, 0x0000000100000000)
  region size 1024K, 3 young (3072K), 3 survivors (3072K)
 Metaspace       used 26060K, capacity 26630K, committed 26752K, reserved 1073152K
  class space    used 3404K, capacity 3615K, committed 3712K, reserved 1048576K
}
Event: 3.098 GC heap before
{Heap before GC invocations=7 (full 0):
 garbage-first heap   total 262144K, used 78867K [0x0000000080000000, 0x0000000100000000)
  region size 1024K, 62 young (63488K), 3 survivors (3072K)
 Metaspace       used 35033K, capacity 35786K, committed 35840K, reserved 1081344K
  class space    used 4553K, capacity 4863K, committed 4864K, reserved 1048576K
}
Event: 3.105 GC heap after
{Heap after GC invocations=8 (full 0):
 garbage-first heap   total 262144K, used 22872K [0x0000000080000000, 0x0000000100000000)
  region size 1024K, 7 young (7168K), 7 survivors (7168K)
 Metaspace       used 35033K, capacity 35786K, committed 35840K, reserved 1081344K
  class space    used 4553K, capacity 4863K, committed 4864K, reserved 1048576K
}
Event: 3.942 GC heap before
{Heap before GC invocations=9 (full 0):
 garbage-first heap   total 262144K, used 119128K [0x0000000080000000, 0x0000000100000000)
  region size 1024K, 98 young (100352K), 7 survivors (7168K)
 Metaspace       used 43121K, capacity 44091K, committed 44236K, reserved 1087488K
  class space    used 5476K, capacity 5827K, committed 5836K, reserved 1048576K
}
Event: 3.959 GC heap after
{Heap after GC invocations=10 (full 0):
 garbage-first heap   total 262144K, used 29190K [0x0000000080000000, 0x0000000100000000)
  region size 1024K, 13 young (13312K), 13 survivors (13312K)
 Metaspace       used 43121K, capacity 44091K, committed 44236K, reserved 1087488K
  class space    used 5476K, capacity 5827K, committed 5836K, reserved 1048576K
}
Event: 5.278 GC heap before
{Heap before GC invocations=11 (full 0):
 garbage-first heap   total 262144K, used 176646K [0x0000000080000000, 0x0000000100000000)
  region size 1024K, 153 young (156672K), 13 survivors (13312K)
 Metaspace       used 53152K, capacity 54417K, committed 54732K, reserved 1097728K
  class space    used 6775K, capacity 7269K, committed 7372K, reserved 1048576K
}
Event: 5.294 GC heap after
{Heap after GC invocations=12 (full 0):
 garbage-first heap   total 262144K, used 44422K [0x0000000080000000, 0x0000000100000000)
  region size 1024K, 20 young (20480K), 20 survivors (20480K)
 Metaspace       used 53152K, capacity 54417K, committed 54732K, reserved 1097728K
  class space    used 6775K, capacity 7269K, committed 7372K, reserved 1048576K
}
Event: 6.797 GC heap before
{Heap before GC invocations=12 (full 0):
 garbage-first heap   total 262144K, used 180614K [0x0000000080000000, 0x0000000100000000)
  region size 1024K, 153 young (156672K), 20 survivors (20480K)
 Metaspace       used 64630K, capacity 66223K, committed 66508K, reserved 1107968K
  class space    used 8215K, capacity 8820K, committed 8908K, reserved 1048576K
}
Event: 6.818 GC heap after
{Heap after GC invocations=13 (full 0):
 garbage-first heap   total 262144K, used 53849K [0x0000000080000000, 0x0000000100000000)
  region size 1024K, 10 young (10240K), 10 survivors (10240K)
 Metaspace       used 64630K, capacity 66223K, committed 66508K, reserved 1107968K
  class space    used 8215K, capacity 8820K, committed 8908K, reserved 1048576K
}
Event: 8.144 GC heap before
{Heap before GC invocations=13 (full 0):
 garbage-first heap   total 262144K, used 130649K [0x0000000080000000, 0x0000000100000000)
  region size 1024K, 86 young (88064K), 10 survivors (10240K)
 Metaspace       used 71982K, capacity 73632K, committed 73728K, reserved 1114112K
  class space    used 9376K, capacity 10032K, committed 10060K, reserved 1048576K
}
Event: 8.164 GC heap after
{Heap after GC invocations=14 (full 0):
 garbage-first heap   total 262144K, used 58969K [0x0000000080000000, 0x0000000100000000)
  region size 1024K, 15 young (15360K), 15 survivors (15360K)
 Metaspace       used 71982K, capacity 73632K, committed 73728K, reserved 1114112K
  class space    used 9376K, capacity 10032K, committed 10060K, reserved 1048576K
}
Event: 12.647 GC heap before
{Heap before GC invocations=15 (full 0):
 garbage-first heap   total 262144K, used 187993K [0x0000000080000000, 0x0000000100000000)
  region size 1024K, 142 young (145408K), 15 survivors (15360K)
 Metaspace       used 80614K, capacity 82659K, committed 82764K, reserved 1120256K
  class space    used 10560K, capacity 11329K, committed 11416K, reserved 1048576K
}

