# JRE version: OpenJDK Runtime Environment (11.0.11+9) (build 11.0.11+9-b60-7590822)
# Java VM: OpenJDK 64-Bit Server VM (11.0.11+9-b60-7590822, mixed mode, tiered, compressed oops, g1 gc, windows-amd64)
Heap:
 garbage-first heap   total 315392K, used 61597K [0x0000000080000000, 0x0000000100000000)
  region size 1024K, 8 young (8192K), 8 survivors (8192K)
 Metaspace       used 77522K, capacity 79319K, committed 79488K, reserved 1118208K
  class space    used 10113K, capacity 10801K, committed 10880K, reserved 1048576K
GC Heap History (20 events):
Event: 0.672 GC heap after
{Heap after GC invocations=2 (full 0):
 garbage-first heap   total 262144K, used 9412K [0x0000000080000000, 0x0000000100000000)
  region size 1024K, 2 young (2048K), 2 survivors (2048K)
 Metaspace       used 10596K, capacity 10841K, committed 11008K, reserved 1058816K
  class space    used 1116K, capacity 1174K, committed 1280K, reserved 1048576K
}
Event: 0.896 GC heap before
{Heap before GC invocations=2 (full 0):
 garbage-first heap   total 262144K, used 33988K [0x0000000080000000, 0x0000000100000000)
  region size 1024K, 26 young (26624K), 2 survivors (2048K)
 Metaspace       used 10829K, capacity 11005K, committed 11264K, reserved 1058816K
  class space    used 1131K, capacity 1207K, committed 1280K, reserved 1048576K
}
Event: 0.898 GC heap after
{Heap after GC invocations=3 (full 0):
 garbage-first heap   total 262144K, used 10731K [0x0000000080000000, 0x0000000100000000)
  region size 1024K, 3 young (3072K), 3 survivors (3072K)
 Metaspace       used 10829K, capacity 11005K, committed 11264K, reserved 1058816K
  class space    used 1131K, capacity 1207K, committed 1280K, reserved 1048576K
}
Event: 1.814 GC heap before
{Heap before GC invocations=3 (full 0):
 garbage-first heap   total 262144K, used 61931K [0x0000000080000000, 0x0000000100000000)
  region size 1024K, 53 young (54272K), 3 survivors (3072K)
 Metaspace       used 18773K, capacity 19125K, committed 19328K, reserved 1067008K
  class space    used 2261K, capacity 2384K, committed 2432K, reserved 1048576K
}
Event: 1.819 GC heap after
{Heap after GC invocations=4 (full 0):
 garbage-first heap   total 262144K, used 16635K [0x0000000080000000, 0x0000000100000000)
  region size 1024K, 7 young (7168K), 7 survivors (7168K)
 Metaspace       used 18773K, capacity 19125K, committed 19328K, reserved 1067008K
  class space    used 2261K, capacity 2384K, committed 2432K, reserved 1048576K
}
Event: 1.958 GC heap before
{Heap before GC invocations=4 (full 0):
 garbage-first heap   total 262144K, used 33019K [0x0000000080000000, 0x0000000100000000)
  region size 1024K, 24 young (24576K), 7 survivors (7168K)
 Metaspace       used 20693K, capacity 21075K, committed 21248K, reserved 1067008K
  class space    used 2537K, capacity 2693K, committed 2816K, reserved 1048576K
}
Event: 1.965 GC heap after
{Heap after GC invocations=5 (full 0):
 garbage-first heap   total 262144K, used 17120K [0x0000000080000000, 0x0000000100000000)
  region size 1024K, 6 young (6144K), 6 survivors (6144K)
 Metaspace       used 20693K, capacity 21075K, committed 21248K, reserved 1067008K
  class space    used 2537K, capacity 2693K, committed 2816K, reserved 1048576K
}
Event: 2.405 GC heap before
{Heap before GC invocations=6 (full 0):
 garbage-first heap   total 262144K, used 70368K [0x0000000080000000, 0x0000000100000000)
  region size 1024K, 58 young (59392K), 6 survivors (6144K)
 Metaspace       used 26081K, capacity 26630K, committed 26752K, reserved 1073152K
  class space    used 3408K, capacity 3615K, committed 3712K, reserved 1048576K
}
Event: 2.410 GC heap after
{Heap after GC invocations=7 (full 0):
 garbage-first heap   total 262144K, used 19203K [0x0000000080000000, 0x0000000100000000)
  region size 1024K, 3 young (3072K), 3 survivors (3072K)
 Metaspace       used 26081K, capacity 26630K, committed 26752K, reserved 1073152K
  class space    used 3408K, capacity 3615K, committed 3712K, reserved 1048576K
}
Event: 3.097 GC heap before
{Heap before GC invocations=7 (full 0):
 garbage-first heap   total 262144K, used 80643K [0x0000000080000000, 0x0000000100000000)
  region size 1024K, 64 young (65536K), 3 survivors (3072K)
 Metaspace       used 34975K, capacity 35785K, committed 35840K, reserved 1081344K
  class space    used 4541K, capacity 4863K, committed 4864K, reserved 1048576K
}
Event: 3.105 GC heap after
{Heap after GC invocations=8 (full 0):
 garbage-first heap   total 262144K, used 22998K [0x0000000080000000, 0x0000000100000000)
  region size 1024K, 7 young (7168K), 7 survivors (7168K)
 Metaspace       used 34975K, capacity 35785K, committed 35840K, reserved 1081344K
  class space    used 4541K, capacity 4863K, committed 4864K, reserved 1048576K
}
Event: 3.968 GC heap before
{Heap before GC invocations=9 (full 0):
 garbage-first heap   total 262144K, used 120278K [0x0000000080000000, 0x0000000100000000)
  region size 1024K, 99 young (101376K), 7 survivors (7168K)
 Metaspace       used 43073K, capacity 44019K, committed 44288K, reserved 1087488K
  class space    used 5467K, capacity 5824K, committed 5888K, reserved 1048576K
}
Event: 3.981 GC heap after
{Heap after GC invocations=10 (full 0):
 garbage-first heap   total 262144K, used 28699K [0x0000000080000000, 0x0000000100000000)
  region size 1024K, 12 young (12288K), 12 survivors (12288K)
 Metaspace       used 43073K, capacity 44019K, committed 44288K, reserved 1087488K
  class space    used 5467K, capacity 5824K, committed 5888K, reserved 1048576K
}
Event: 5.429 GC heap before
{Heap before GC invocations=10 (full 0):
 garbage-first heap   total 262144K, used 177179K [0x0000000080000000, 0x0000000100000000)
  region size 1024K, 153 young (156672K), 12 survivors (12288K)
 Metaspace       used 52755K, capacity 54080K, committed 54144K, reserved 1095680K
  class space    used 6718K, capacity 7242K, committed 7296K, reserved 1048576K
}
Event: 5.446 GC heap after
{Heap after GC invocations=11 (full 0):
 garbage-first heap   total 262144K, used 44479K [0x0000000080000000, 0x0000000100000000)
  region size 1024K, 20 young (20480K), 20 survivors (20480K)
 Metaspace       used 52755K, capacity 54080K, committed 54144K, reserved 1095680K
  class space    used 6718K, capacity 7242K, committed 7296K, reserved 1048576K
}
Event: 5.897 GC heap before
{Heap before GC invocations=11 (full 0):
 garbage-first heap   total 262144K, used 82367K [0x0000000080000000, 0x0000000100000000)
  region size 1024K, 58 young (59392K), 20 survivors (20480K)
 Metaspace       used 58595K, capacity 60050K, committed 60160K, reserved 1101824K
  class space    used 7460K, capacity 8013K, committed 8064K, reserved 1048576K
}
Event: 5.917 GC heap after
{Heap after GC invocations=12 (full 0):
 garbage-first heap   total 262144K, used 46277K [0x0000000080000000, 0x0000000100000000)
  region size 1024K, 3 young (3072K), 3 survivors (3072K)
 Metaspace       used 58595K, capacity 60050K, committed 60160K, reserved 1101824K
  class space    used 7460K, capacity 8013K, committed 8064K, reserved 1048576K
}
Event: 6.904 GC heap before
{Heap before GC invocations=13 (full 0):
 garbage-first heap   total 262144K, used 157893K [0x0000000080000000, 0x0000000100000000)
  region size 1024K, 112 young (114688K), 3 survivors (3072K)
 Metaspace       used 65409K, capacity 67020K, committed 67328K, reserved 1107968K
  class space    used 8309K, capacity 8891K, committed 8960K, reserved 1048576K
}
Event: 6.920 GC heap after
{Heap after GC invocations=14 (full 0):
 garbage-first heap   total 262144K, used 53957K [0x0000000080000000, 0x0000000100000000)
  region size 1024K, 10 young (10240K), 10 survivors (10240K)
 Metaspace       used 65409K, capacity 67020K, committed 67328K, reserved 1107968K
  class space    used 8309K, capacity 8891K, committed 8960K, reserved 1048576K
}
Event: 8.740 GC heap before
{Heap before GC invocations=15 (full 0):
 garbage-first heap   total 262144K, used 169669K [0x0000000080000000, 0x0000000100000000)
  region size 1024K, 123 young (125952K), 10 survivors (10240K)
 Metaspace       used 77522K, capacity 79319K, committed 79488K, reserved 1118208K
  class space    used 10113K, capacity 10801K, committed 10880K, reserved 1048576K
}

