# JRE version: OpenJDK Runtime Environment (11.0.11+9) (build 11.0.11+9-b60-7590822)
# Java VM: OpenJDK 64-Bit Server VM (11.0.11+9-b60-7590822, mixed mode, tiered, compressed oops, g1 gc, windows-amd64)
Heap:
 garbage-first heap   total 315392K, used 156929K [0x0000000080000000, 0x0000000100000000)
  region size 1024K, 112 young (114688K), 12 survivors (12288K)
 Metaspace       used 78839K, capacity 80757K, committed 80972K, reserved 1120256K
  class space    used 10336K, capacity 11054K, committed 11084K, reserved 1048576K
GC Heap History (20 events):
Event: 0.391 GC heap before
{Heap before GC invocations=0 (full 0):
 garbage-first heap   total 262144K, used 19456K [0x0000000080000000, 0x0000000100000000)
  region size 1024K, 14 young (14336K), 0 survivors (0K)
 Metaspace       used 6723K, capacity 6921K, committed 7168K, reserved 1056768K
  class space    used 582K, capacity 650K, committed 768K, reserved 1048576K
}
Event: 0.393 GC heap after
{Heap after GC invocations=1 (full 0):
 garbage-first heap   total 262144K, used 8052K [0x0000000080000000, 0x0000000100000000)
  region size 1024K, 2 young (2048K), 2 survivors (2048K)
 Metaspace       used 6723K, capacity 6921K, committed 7168K, reserved 1056768K
  class space    used 582K, capacity 650K, committed 768K, reserved 1048576K
}
Event: 0.677 GC heap before
{Heap before GC invocations=1 (full 0):
 garbage-first heap   total 262144K, used 22388K [0x0000000080000000, 0x0000000100000000)
  region size 1024K, 16 young (16384K), 2 survivors (2048K)
 Metaspace       used 10120K, capacity 10306K, committed 10368K, reserved 1058816K
  class space    used 1053K, capacity 1102K, committed 1152K, reserved 1048576K
}
Event: 0.679 GC heap after
{Heap after GC invocations=2 (full 0):
 garbage-first heap   total 262144K, used 9366K [0x0000000080000000, 0x0000000100000000)
  region size 1024K, 2 young (2048K), 2 survivors (2048K)
 Metaspace       used 10120K, capacity 10306K, committed 10368K, reserved 1058816K
  class space    used 1053K, capacity 1102K, committed 1152K, reserved 1048576K
}
Event: 1.026 GC heap before
{Heap before GC invocations=2 (full 0):
 garbage-first heap   total 262144K, used 48278K [0x0000000080000000, 0x0000000100000000)
  region size 1024K, 40 young (40960K), 2 survivors (2048K)
 Metaspace       used 11016K, capacity 11317K, committed 11520K, reserved 1058816K
  class space    used 1163K, capacity 1247K, committed 1280K, reserved 1048576K
}
Event: 1.029 GC heap after
{Heap after GC invocations=3 (full 0):
 garbage-first heap   total 262144K, used 13900K [0x0000000080000000, 0x0000000100000000)
  region size 1024K, 5 young (5120K), 5 survivors (5120K)
 Metaspace       used 11016K, capacity 11317K, committed 11520K, reserved 1058816K
  class space    used 1163K, capacity 1247K, committed 1280K, reserved 1048576K
}
Event: 1.996 GC heap before
{Heap before GC invocations=3 (full 0):
 garbage-first heap   total 262144K, used 69196K [0x0000000080000000, 0x0000000100000000)
  region size 1024K, 60 young (61440K), 5 survivors (5120K)
 Metaspace       used 20689K, capacity 21075K, committed 21248K, reserved 1067008K
  class space    used 2535K, capacity 2693K, committed 2816K, reserved 1048576K
}
Event: 2.004 GC heap after
{Heap after GC invocations=4 (full 0):
 garbage-first heap   total 262144K, used 16814K [0x0000000080000000, 0x0000000100000000)
  region size 1024K, 8 young (8192K), 8 survivors (8192K)
 Metaspace       used 20689K, capacity 21075K, committed 21248K, reserved 1067008K
  class space    used 2535K, capacity 2693K, committed 2816K, reserved 1048576K
}
Event: 2.542 GC heap before
{Heap before GC invocations=5 (full 0):
 garbage-first heap   total 262144K, used 83374K [0x0000000080000000, 0x0000000100000000)
  region size 1024K, 73 young (74752K), 8 survivors (8192K)
 Metaspace       used 26865K, capacity 27467K, committed 27648K, reserved 1073152K
  class space    used 3543K, capacity 3769K, committed 3840K, reserved 1048576K
}
Event: 2.549 GC heap after
{Heap after GC invocations=6 (full 0):
 garbage-first heap   total 262144K, used 19177K [0x0000000080000000, 0x0000000100000000)
  region size 1024K, 6 young (6144K), 6 survivors (6144K)
 Metaspace       used 26865K, capacity 27467K, committed 27648K, reserved 1073152K
  class space    used 3543K, capacity 3769K, committed 3840K, reserved 1048576K
}
Event: 3.096 GC heap before
{Heap before GC invocations=6 (full 0):
 garbage-first heap   total 262144K, used 64233K [0x0000000080000000, 0x0000000100000000)
  region size 1024K, 51 young (52224K), 6 survivors (6144K)
 Metaspace       used 35023K, capacity 35786K, committed 35840K, reserved 1081344K
  class space    used 4550K, capacity 4863K, committed 4864K, reserved 1048576K
}
Event: 3.105 GC heap after
{Heap after GC invocations=7 (full 0):
 garbage-first heap   total 262144K, used 23088K [0x0000000080000000, 0x0000000100000000)
  region size 1024K, 10 young (10240K), 10 survivors (10240K)
 Metaspace       used 35023K, capacity 35786K, committed 35840K, reserved 1081344K
  class space    used 4550K, capacity 4863K, committed 4864K, reserved 1048576K
}
Event: 3.946 GC heap before
{Heap before GC invocations=8 (full 0):
 garbage-first heap   total 262144K, used 118320K [0x0000000080000000, 0x0000000100000000)
  region size 1024K, 100 young (102400K), 10 survivors (10240K)
 Metaspace       used 43036K, capacity 44016K, committed 44236K, reserved 1087488K
  class space    used 5456K, capacity 5823K, committed 5836K, reserved 1048576K
}
Event: 3.958 GC heap after
{Heap after GC invocations=9 (full 0):
 garbage-first heap   total 262144K, used 28322K [0x0000000080000000, 0x0000000100000000)
  region size 1024K, 12 young (12288K), 12 survivors (12288K)
 Metaspace       used 43036K, capacity 44016K, committed 44236K, reserved 1087488K
  class space    used 5456K, capacity 5823K, committed 5836K, reserved 1048576K
}
Event: 5.297 GC heap before
{Heap before GC invocations=9 (full 0):
 garbage-first heap   total 262144K, used 177826K [0x0000000080000000, 0x0000000100000000)
  region size 1024K, 153 young (156672K), 12 survivors (12288K)
 Metaspace       used 53135K, capacity 54497K, committed 54732K, reserved 1097728K
  class space    used 6753K, capacity 7273K, committed 7372K, reserved 1048576K
}
Event: 5.312 GC heap after
{Heap after GC invocations=10 (full 0):
 garbage-first heap   total 262144K, used 44667K [0x0000000080000000, 0x0000000100000000)
  region size 1024K, 20 young (20480K), 20 survivors (20480K)
 Metaspace       used 53135K, capacity 54497K, committed 54732K, reserved 1097728K
  class space    used 6753K, capacity 7273K, committed 7372K, reserved 1048576K
}
Event: 5.768 GC heap before
{Heap before GC invocations=10 (full 0):
 garbage-first heap   total 262144K, used 80507K [0x0000000080000000, 0x0000000100000000)
  region size 1024K, 56 young (57344K), 20 survivors (20480K)
 Metaspace       used 58696K, capacity 60156K, committed 60236K, reserved 1101824K
  class space    used 7461K, capacity 7984K, committed 8012K, reserved 1048576K
}
Event: 5.790 GC heap after
{Heap after GC invocations=11 (full 0):
 garbage-first heap   total 262144K, used 46340K [0x0000000080000000, 0x0000000100000000)
  region size 1024K, 3 young (3072K), 3 survivors (3072K)
 Metaspace       used 58696K, capacity 60156K, committed 60236K, reserved 1101824K
  class space    used 7461K, capacity 7984K, committed 8012K, reserved 1048576K
}
Event: 7.036 GC heap before
{Heap before GC invocations=12 (full 0):
 garbage-first heap   total 262144K, used 185604K [0x0000000080000000, 0x0000000100000000)
  region size 1024K, 139 young (142336K), 3 survivors (3072K)
 Metaspace       used 68945K, capacity 70512K, committed 70860K, reserved 1110016K
  class space    used 8940K, capacity 9542K, committed 9676K, reserved 1048576K
}
Event: 7.052 GC heap after
{Heap after GC invocations=13 (full 0):
 garbage-first heap   total 315392K, used 55553K [0x0000000080000000, 0x0000000100000000)
  region size 1024K, 12 young (12288K), 12 survivors (12288K)
 Metaspace       used 68945K, capacity 70512K, committed 70860K, reserved 1110016K
  class space    used 8940K, capacity 9542K, committed 9676K, reserved 1048576K
}

