# JRE version: OpenJDK Runtime Environment (11.0.11+9) (build 11.0.11+9-b60-7590822)
# Java VM: OpenJDK 64-Bit Server VM (11.0.11+9-b60-7590822, mixed mode, tiered, compressed oops, g1 gc, windows-amd64)
Heap:
 garbage-first heap   total 315392K, used 55424K [0x0000000080000000, 0x0000000100000000)
  region size 1024K, 12 young (12288K), 12 survivors (12288K)
 Metaspace       used 68484K, capacity 70041K, committed 70220K, reserved 1110016K
  class space    used 8868K, capacity 9471K, committed 9548K, reserved 1048576K
GC Heap History (20 events):
Event: 0.388 GC heap after
{Heap after GC invocations=1 (full 0):
 garbage-first heap   total 262144K, used 8076K [0x0000000080000000, 0x0000000100000000)
  region size 1024K, 2 young (2048K), 2 survivors (2048K)
 Metaspace       used 6728K, capacity 6925K, committed 7168K, reserved 1056768K
  class space    used 582K, capacity 650K, committed 768K, reserved 1048576K
}
Event: 0.670 GC heap before
{Heap before GC invocations=1 (full 0):
 garbage-first heap   total 262144K, used 25484K [0x0000000080000000, 0x0000000100000000)
  region size 1024K, 19 young (19456K), 2 survivors (2048K)
 Metaspace       used 10605K, capacity 10845K, committed 11008K, reserved 1058816K
  class space    used 1116K, capacity 1174K, committed 1280K, reserved 1048576K
}
Event: 0.672 GC heap after
{Heap after GC invocations=2 (full 0):
 garbage-first heap   total 262144K, used 9359K [0x0000000080000000, 0x0000000100000000)
  region size 1024K, 2 young (2048K), 2 survivors (2048K)
 Metaspace       used 10605K, capacity 10845K, committed 11008K, reserved 1058816K
  class space    used 1116K, capacity 1174K, committed 1280K, reserved 1048576K
}
Event: 0.915 GC heap before
{Heap before GC invocations=2 (full 0):
 garbage-first heap   total 262144K, used 34959K [0x0000000080000000, 0x0000000100000000)
  region size 1024K, 27 young (27648K), 2 survivors (2048K)
 Metaspace       used 10859K, capacity 11073K, committed 11264K, reserved 1058816K
  class space    used 1131K, capacity 1207K, committed 1280K, reserved 1048576K
}
Event: 0.917 GC heap after
{Heap after GC invocations=3 (full 0):
 garbage-first heap   total 262144K, used 11770K [0x0000000080000000, 0x0000000100000000)
  region size 1024K, 4 young (4096K), 4 survivors (4096K)
 Metaspace       used 10859K, capacity 11073K, committed 11264K, reserved 1058816K
  class space    used 1131K, capacity 1207K, committed 1280K, reserved 1048576K
}
Event: 1.811 GC heap before
{Heap before GC invocations=3 (full 0):
 garbage-first heap   total 262144K, used 60922K [0x0000000080000000, 0x0000000100000000)
  region size 1024K, 53 young (54272K), 4 survivors (4096K)
 Metaspace       used 18762K, capacity 19129K, committed 19328K, reserved 1067008K
  class space    used 2261K, capacity 2384K, committed 2432K, reserved 1048576K
}
Event: 1.817 GC heap after
{Heap after GC invocations=4 (full 0):
 garbage-first heap   total 262144K, used 15989K [0x0000000080000000, 0x0000000100000000)
  region size 1024K, 7 young (7168K), 7 survivors (7168K)
 Metaspace       used 18762K, capacity 19129K, committed 19328K, reserved 1067008K
  class space    used 2261K, capacity 2384K, committed 2432K, reserved 1048576K
}
Event: 1.959 GC heap before
{Heap before GC invocations=4 (full 0):
 garbage-first heap   total 262144K, used 32373K [0x0000000080000000, 0x0000000100000000)
  region size 1024K, 24 young (24576K), 7 survivors (7168K)
 Metaspace       used 20679K, capacity 21079K, committed 21248K, reserved 1067008K
  class space    used 2537K, capacity 2693K, committed 2816K, reserved 1048576K
}
Event: 1.965 GC heap after
{Heap after GC invocations=5 (full 0):
 garbage-first heap   total 262144K, used 17577K [0x0000000080000000, 0x0000000100000000)
  region size 1024K, 5 young (5120K), 5 survivors (5120K)
 Metaspace       used 20679K, capacity 21079K, committed 21248K, reserved 1067008K
  class space    used 2537K, capacity 2693K, committed 2816K, reserved 1048576K
}
Event: 2.414 GC heap before
{Heap before GC invocations=6 (full 0):
 garbage-first heap   total 262144K, used 70825K [0x0000000080000000, 0x0000000100000000)
  region size 1024K, 57 young (58368K), 5 survivors (5120K)
 Metaspace       used 26047K, capacity 26634K, committed 26752K, reserved 1073152K
  class space    used 3405K, capacity 3615K, committed 3712K, reserved 1048576K
}
Event: 2.421 GC heap after
{Heap after GC invocations=7 (full 0):
 garbage-first heap   total 262144K, used 19316K [0x0000000080000000, 0x0000000100000000)
  region size 1024K, 3 young (3072K), 3 survivors (3072K)
 Metaspace       used 26047K, capacity 26634K, committed 26752K, reserved 1073152K
  class space    used 3405K, capacity 3615K, committed 3712K, reserved 1048576K
}
Event: 3.044 GC heap before
{Heap before GC invocations=7 (full 0):
 garbage-first heap   total 262144K, used 78708K [0x0000000080000000, 0x0000000100000000)
  region size 1024K, 62 young (63488K), 3 survivors (3072K)
 Metaspace       used 35016K, capacity 35790K, committed 35840K, reserved 1081344K
  class space    used 4554K, capacity 4863K, committed 4864K, reserved 1048576K
}
Event: 3.053 GC heap after
{Heap after GC invocations=8 (full 0):
 garbage-first heap   total 262144K, used 22786K [0x0000000080000000, 0x0000000100000000)
  region size 1024K, 7 young (7168K), 7 survivors (7168K)
 Metaspace       used 35016K, capacity 35790K, committed 35840K, reserved 1081344K
  class space    used 4554K, capacity 4863K, committed 4864K, reserved 1048576K
}
Event: 3.880 GC heap before
{Heap before GC invocations=9 (full 0):
 garbage-first heap   total 262144K, used 118018K [0x0000000080000000, 0x0000000100000000)
  region size 1024K, 97 young (99328K), 7 survivors (7168K)
 Metaspace       used 42920K, capacity 43892K, committed 43980K, reserved 1087488K
  class space    used 5457K, capacity 5823K, committed 5836K, reserved 1048576K
}
Event: 3.890 GC heap after
{Heap after GC invocations=10 (full 0):
 garbage-first heap   total 262144K, used 29782K [0x0000000080000000, 0x0000000100000000)
  region size 1024K, 12 young (12288K), 12 survivors (12288K)
 Metaspace       used 42920K, capacity 43892K, committed 43980K, reserved 1087488K
  class space    used 5457K, capacity 5823K, committed 5836K, reserved 1048576K
}
Event: 5.205 GC heap before
{Heap before GC invocations=10 (full 0):
 garbage-first heap   total 262144K, used 179286K [0x0000000080000000, 0x0000000100000000)
  region size 1024K, 153 young (156672K), 12 survivors (12288K)
 Metaspace       used 52962K, capacity 54288K, committed 54476K, reserved 1095680K
  class space    used 6740K, capacity 7267K, committed 7372K, reserved 1048576K
}
Event: 5.221 GC heap after
{Heap after GC invocations=11 (full 0):
 garbage-first heap   total 262144K, used 44541K [0x0000000080000000, 0x0000000100000000)
  region size 1024K, 20 young (20480K), 20 survivors (20480K)
 Metaspace       used 52962K, capacity 54288K, committed 54476K, reserved 1095680K
  class space    used 6740K, capacity 7267K, committed 7372K, reserved 1048576K
}
Event: 5.688 GC heap before
{Heap before GC invocations=11 (full 0):
 garbage-first heap   total 262144K, used 82429K [0x0000000080000000, 0x0000000100000000)
  region size 1024K, 58 young (59392K), 20 survivors (20480K)
 Metaspace       used 58738K, capacity 60079K, committed 60288K, reserved 1101824K
  class space    used 7477K, capacity 8043K, committed 8140K, reserved 1048576K
}
Event: 5.708 GC heap after
{Heap after GC invocations=12 (full 0):
 garbage-first heap   total 262144K, used 46458K [0x0000000080000000, 0x0000000100000000)
  region size 1024K, 3 young (3072K), 3 survivors (3072K)
 Metaspace       used 58738K, capacity 60079K, committed 60288K, reserved 1101824K
  class space    used 7477K, capacity 8043K, committed 8140K, reserved 1048576K
}
Event: 6.903 GC heap before
{Heap before GC invocations=13 (full 0):
 garbage-first heap   total 262144K, used 180602K [0x0000000080000000, 0x0000000100000000)
  region size 1024K, 134 young (137216K), 3 survivors (3072K)
 Metaspace       used 68484K, capacity 70041K, committed 70220K, reserved 1110016K
  class space    used 8868K, capacity 9471K, committed 9548K, reserved 1048576K
}

